auroscholarapp/build/intermediates/manifest_merge_blame_file/debug/manifest-merger-blame-debug-report.txt
1<?xml version="1.0" encoding="utf-8"?>
2<manifest xmlns:android="http://schemas.android.com/apk/res/android"
3    xmlns:tools="http://schemas.android.com/tools"
4    package="com.auro.application" >
5
6    <uses-sdk
6-->src\main\AndroidManifest.xml:5:5-246
7        android:minSdkVersion="1"
7-->src\main\AndroidManifest.xml:5:5-246
8        android:targetSdkVersion="1"
8-->src\main\AndroidManifest.xml:5:5-246
9        tools:overrideLibrary="com.github.dhaval2404.imagepicker,com.pierfrancescosoffritti.androidyoutubeplayer, androidx.camera.view , androidx.camera.extensions,androidx.camera.camera2, androidx.camera.lifecycle,androidx.camera.core" />
9-->src\main\AndroidManifest.xml:5:15-243
10
11    <uses-permission android:name="android.permission.INTERNET" />
11-->src\main\AndroidManifest.xml:7:5-67
11-->src\main\AndroidManifest.xml:7:22-64
12    <uses-permission android:name="android.permission.ACCESS_NETWORK_STATE" />
12-->src\main\AndroidManifest.xml:8:5-79
12-->src\main\AndroidManifest.xml:8:22-76
13    <uses-permission android:name="android.permission.CHANGE_NETWORK_STATE" />
13-->src\main\AndroidManifest.xml:9:5-95
13-->src\main\AndroidManifest.xml:9:22-76
14    <uses-permission android:name="android.permission.READ_PHONE_STATE" />
14-->src\main\AndroidManifest.xml:10:5-75
14-->src\main\AndroidManifest.xml:10:22-72
15    <uses-permission android:name="android.permission.READ_EXTERNAL_STORAGE" />
15-->src\main\AndroidManifest.xml:11:5-80
15-->src\main\AndroidManifest.xml:11:22-77
16    <uses-permission android:name="android.permission.WRITE_EXTERNAL_STORAGE" />
16-->src\main\AndroidManifest.xml:12:5-81
16-->src\main\AndroidManifest.xml:12:22-78
17    <uses-permission android:name="android.permission.WAKE_LOCK" />
17-->src\main\AndroidManifest.xml:13:5-68
17-->src\main\AndroidManifest.xml:13:22-65
18
19    <!-- <uses-permission android:name="android.permission.READ_PRIVILEGED_PHONE_STATE" -->
20    <!-- tools:ignore="ProtectedPermissions" /> -->
21    <!-- <uses-permission android:name="com.google.android.gms.permission.AD_ID"/> -->
22
23    <uses-permission android:name="com.google.android.gms.permission.AD_ID" />
23-->src\main\AndroidManifest.xml:19:5-78
23-->src\main\AndroidManifest.xml:19:22-76
24    <uses-permission android:name="android.permission.ACCESS_WIFI_STATE" />
24-->src\main\AndroidManifest.xml:20:5-76
24-->src\main\AndroidManifest.xml:20:22-73
25    <uses-permission android:name="android.permission.CAMERA" />
25-->src\main\AndroidManifest.xml:21:5-65
25-->src\main\AndroidManifest.xml:21:22-62
26    <uses-permission android:name="android.permission.SYSTEM_ALERT_WINDOW" />
26-->src\main\AndroidManifest.xml:22:5-78
26-->src\main\AndroidManifest.xml:22:22-75
27    <uses-permission android:name="com.google.android.c2dm.permission.RECEIVE" />
27-->src\main\AndroidManifest.xml:23:5-82
27-->src\main\AndroidManifest.xml:23:22-79
28    <!-- <uses-feature -->
29    <!-- android:name="android.hardware.camera.any"/> -->
30    <!-- <uses-feature android:name="android.hardware.camera"></uses-feature> -->
31    <!-- <uses-feature android:name="android.hardware.camera.autofocus" android:required="true"/> -->
32
33
34    <!-- <uses-feature android:name="android.hardware.camera.autofocus" android:required="true"/> -->
35    <!-- <uses-feature -->
36    <!-- android:name="android.hardware.camera.autofocus" -->
37    <!-- android:required="true" /> -->
38    <uses-feature
38-->src\main\AndroidManifest.xml:33:5-101
39        android:name="android.hardware.camera.any"
39-->src\main\AndroidManifest.xml:33:19-61
40        android:required="true" />
40-->src\main\AndroidManifest.xml:33:62-85
41
42    <queries>
42-->src\main\AndroidManifest.xml:34:5-42:11
43        <intent>
43-->src\main\AndroidManifest.xml:35:9-38:10
44            <action android:name="android.media.action.IMAGE_CAPTURE" />
44-->src\main\AndroidManifest.xml:36:5-64
44-->src\main\AndroidManifest.xml:36:13-62
45        </intent>
46        <intent>
46-->src\main\AndroidManifest.xml:39:5-41:10
47            <action android:name="android.intent.action.OPEN_DOCUMENT_TREE" />
47-->src\main\AndroidManifest.xml:40:5-70
47-->src\main\AndroidManifest.xml:40:13-68
48        </intent>
49    </queries>
50
51    <application
51-->src\main\AndroidManifest.xml:43:5-456:19
52        android:name="com.auro.application.core.application.AuroApp"
52-->src\main\AndroidManifest.xml:44:9-49
53        android:allowBackup="true"
53-->src\main\AndroidManifest.xml:45:9-35
54        android:fullBackupContent="false"
54-->src\main\AndroidManifest.xml:46:9-42
55        android:hardwareAccelerated="true"
55-->src\main\AndroidManifest.xml:47:9-43
56        android:label="@string/app_name"
56-->src\main\AndroidManifest.xml:48:9-41
57        android:largeHeap="true"
57-->src\main\AndroidManifest.xml:49:9-33
58        android:requestLegacyExternalStorage="true"
58-->src\main\AndroidManifest.xml:52:9-52
59        android:theme="@style/AppTheme"
59-->src\main\AndroidManifest.xml:53:9-40
60        android:usesCleartextTraffic="true"
60-->src\main\AndroidManifest.xml:54:9-44
61        tools:remove="android:appComponentFactory"
61-->src\main\AndroidManifest.xml:51:9-51
62        tools:replace="android:allowBackup"
62-->src\main\AndroidManifest.xml:55:9-44
63        tools:targetApi="31" >
63-->src\main\AndroidManifest.xml:50:9-29
64
65        <!-- android:excludeFromRecents="false" -->
66        <!-- android:preserveLegacyExternalStorage="true" -->
67        <!-- <application -->
68        <!-- android:usesCleartextTraffic="true"> -->
69        <activity
69-->src\main\AndroidManifest.xml:62:9-64:40
70            android:name="com.auro.application.ShowActivity"
70-->src\main\AndroidManifest.xml:63:13-41
71            android:exported="false" />
71-->src\main\AndroidManifest.xml:64:13-37
72        <activity
72-->src\main\AndroidManifest.xml:65:9-67:39
73            android:name="com.auro.application.home.presentation.view.activity.SetPinActivity"
73-->src\main\AndroidManifest.xml:66:13-75
74            android:exported="true" />
74-->src\main\AndroidManifest.xml:67:13-36
75        <activity
75-->src\main\AndroidManifest.xml:68:9-70:39
76            android:name="com.auro.application.kyc.presentation.view.activity.KycActivity"
76-->src\main\AndroidManifest.xml:69:13-71
77            android:exported="true" />
77-->src\main\AndroidManifest.xml:70:13-36
78
79        <receiver
79-->src\main\AndroidManifest.xml:72:9-80:20
80            android:name="com.auro.application.util.network.NetworkChangeReceiver"
80-->src\main\AndroidManifest.xml:73:13-63
81            android:exported="true"
81-->src\main\AndroidManifest.xml:74:13-36
82            android:label="NetworkChangeReceiver" >
82-->src\main\AndroidManifest.xml:75:13-50
83            <intent-filter>
83-->src\main\AndroidManifest.xml:76:13-79:29
84                <action android:name="android.net.conn.CONNECTIVITY_CHANGE" />
84-->src\main\AndroidManifest.xml:77:17-79
84-->src\main\AndroidManifest.xml:77:25-76
85                <action android:name="android.net.wifi.WIFI_STATE_CHANGED" />
85-->src\main\AndroidManifest.xml:78:17-78
85-->src\main\AndroidManifest.xml:78:25-75
86            </intent-filter>
87        </receiver> <!-- <activity -->
88        <!-- android:name=".yubochat.YuboChatActivity" -->
89        <!-- android:exported="true" -->
90        <!-- android:resizeableActivity="false" -->
91        <!-- tools:ignore="MissingClass" /> -->
92        <activity
92-->src\main\AndroidManifest.xml:85:9-89:49
93            android:name="com.auro.application.home.presentation.view.activity.ResetPasswordActivity"
93-->src\main\AndroidManifest.xml:86:13-82
94            android:excludeFromRecents="false"
94-->src\main\AndroidManifest.xml:89:13-47
95            android:exported="true"
95-->src\main\AndroidManifest.xml:87:13-36
96            android:noHistory="false" />
96-->src\main\AndroidManifest.xml:88:13-38
97        <activity
97-->src\main\AndroidManifest.xml:90:9-97:59
98            android:name="com.auro.application.home.presentation.view.activity.WebActivity"
98-->src\main\AndroidManifest.xml:91:13-72
99            android:excludeFromRecents="false"
99-->src\main\AndroidManifest.xml:93:13-47
100            android:exported="true"
100-->src\main\AndroidManifest.xml:92:13-36
101            android:label="@string/title_activity_web"
101-->src\main\AndroidManifest.xml:94:13-55
102            android:resizeableActivity="false"
102-->src\main\AndroidManifest.xml:95:13-47
103            android:screenOrientation="portrait"
103-->src\main\AndroidManifest.xml:96:13-49
104            android:theme="@style/AppTheme.NoActionBar" />
104-->src\main\AndroidManifest.xml:97:13-56
105        <!--
106 <activity
107            android:name=".home.presentation.view.activity.VerifyWithPhoneNoActivity"
108            android:label="@string/title_activity_verify_with_phone_no"
109            android:resizeableActivity="false"
110            android:exported="true"
111            android:screenOrientation="portrait"
112            android:theme="@style/AppTheme.NoActionBar" />
113        -->
114        <activity
114-->src\main\AndroidManifest.xml:107:9-112:52
115            android:name="com.auro.application.home.presentation.view.activity.OtpScreenActivity"
115-->src\main\AndroidManifest.xml:108:13-78
116            android:excludeFromRecents="false"
116-->src\main\AndroidManifest.xml:110:13-47
117            android:exported="true"
117-->src\main\AndroidManifest.xml:109:13-36
118            android:resizeableActivity="false"
118-->src\main\AndroidManifest.xml:111:13-47
119            android:screenOrientation="portrait" />
119-->src\main\AndroidManifest.xml:112:13-49
120        <!--
121  <activity
122            android:name=".home.presentation.view.activity.LoginMainScreenActivity"
123            android:resizeableActivity="false"
124            android:exported="true"
125            android:screenOrientation="portrait" />
126        -->
127        <activity
127-->src\main\AndroidManifest.xml:120:9-127:55
128            android:name="com.auro.application.home.presentation.view.activity.DashBoardMainActivity"
128-->src\main\AndroidManifest.xml:121:13-82
129            android:excludeFromRecents="false"
129-->src\main\AndroidManifest.xml:123:13-47
130            android:exported="true"
130-->src\main\AndroidManifest.xml:122:13-36
131            android:resizeableActivity="false"
131-->src\main\AndroidManifest.xml:124:13-47
132            android:screenOrientation="portrait"
132-->src\main\AndroidManifest.xml:125:13-49
133            android:theme="@style/AppTheme"
133-->src\main\AndroidManifest.xml:126:13-44
134            android:windowSoftInputMode="adjustPan" />
134-->src\main\AndroidManifest.xml:127:13-52
135        <activity
135-->src\main\AndroidManifest.xml:128:9-134:50
136            android:name="com.auro.application.home.presentation.view.activity.HomeActivity"
136-->src\main\AndroidManifest.xml:129:13-73
137            android:excludeFromRecents="false"
137-->src\main\AndroidManifest.xml:131:13-47
138            android:exported="true"
138-->src\main\AndroidManifest.xml:130:13-36
139            android:resizeableActivity="false"
139-->src\main\AndroidManifest.xml:132:13-47
140            android:screenOrientation="portrait"
140-->src\main\AndroidManifest.xml:133:13-49
141            android:theme="@style/AppThemeNew" />
141-->src\main\AndroidManifest.xml:134:13-47
142        <activity
142-->src\main\AndroidManifest.xml:135:9-141:55
143            android:name="com.auro.application.home.presentation.view.activity.ForgotPinActivity"
143-->src\main\AndroidManifest.xml:136:13-78
144            android:excludeFromRecents="false"
144-->src\main\AndroidManifest.xml:138:13-47
145            android:exported="true"
145-->src\main\AndroidManifest.xml:137:13-36
146            android:resizeableActivity="false"
146-->src\main\AndroidManifest.xml:139:13-47
147            android:screenOrientation="portrait"
147-->src\main\AndroidManifest.xml:140:13-49
148            android:windowSoftInputMode="adjustPan" />
148-->src\main\AndroidManifest.xml:141:13-52
149        <activity
149-->src\main\AndroidManifest.xml:143:9-149:55
150            android:name="com.auro.application.home.presentation.view.activity.StudentProfileActivity"
150-->src\main\AndroidManifest.xml:144:13-83
151            android:excludeFromRecents="false"
151-->src\main\AndroidManifest.xml:146:13-47
152            android:exported="true"
152-->src\main\AndroidManifest.xml:145:13-36
153            android:resizeableActivity="false"
153-->src\main\AndroidManifest.xml:147:13-47
154            android:screenOrientation="portrait"
154-->src\main\AndroidManifest.xml:148:13-49
155            android:windowSoftInputMode="adjustPan" />
155-->src\main\AndroidManifest.xml:149:13-52
156        <!--
157 <activity
158            android:name=".home.presentation.view.activity.DashBoardHomeActivity"
159            android:resizeableActivity="false"
160            android:exported="true"
161            android:screenOrientation="portrait"
162            android:windowSoftInputMode="adjustPan" />
163        -->
164        <!--
165        <activity
166            android:name=".home.presentation.view.activity.CallVideoActivity"
167            android:resizeableActivity="false"
168            android:exported="true"
169            android:screenOrientation="portrait"
170            android:windowSoftInputMode="adjustPan" />
171        -->
172        <activity
172-->src\main\AndroidManifest.xml:166:9-172:55
173            android:name="com.auro.application.home.presentation.view.activity.EnterPinActivity"
173-->src\main\AndroidManifest.xml:167:13-77
174            android:excludeFromRecents="false"
174-->src\main\AndroidManifest.xml:169:13-47
175            android:exported="true"
175-->src\main\AndroidManifest.xml:168:13-36
176            android:resizeableActivity="false"
176-->src\main\AndroidManifest.xml:170:13-47
177            android:screenOrientation="portrait"
177-->src\main\AndroidManifest.xml:171:13-49
178            android:windowSoftInputMode="adjustPan" />
178-->src\main\AndroidManifest.xml:172:13-52
179        <activity
179-->src\main\AndroidManifest.xml:173:9-179:55
180            android:name="com.auro.application.home.presentation.view.activity.EnterStudentPinActivity"
180-->src\main\AndroidManifest.xml:174:13-84
181            android:excludeFromRecents="false"
181-->src\main\AndroidManifest.xml:176:13-47
182            android:exported="true"
182-->src\main\AndroidManifest.xml:175:13-36
183            android:resizeableActivity="false"
183-->src\main\AndroidManifest.xml:177:13-47
184            android:screenOrientation="portrait"
184-->src\main\AndroidManifest.xml:178:13-49
185            android:windowSoftInputMode="adjustPan" />
185-->src\main\AndroidManifest.xml:179:13-52
186
187        <uses-library
187-->src\main\AndroidManifest.xml:181:9-183:40
188            android:name="org.apache.http.legacy"
188-->src\main\AndroidManifest.xml:182:13-50
189            android:required="false" />
189-->src\main\AndroidManifest.xml:183:13-37
190
191        <!-- android:autoRemoveFromRecents="false" -->
192        <!-- android:excludeFromRecents="false" -->
193
194        <activity
194-->src\main\AndroidManifest.xml:189:9-239:20
195            android:name="com.auro.application.home.presentation.view.activity.SplashScreenAnimationActivity"
195-->src\main\AndroidManifest.xml:190:13-90
196            android:configChanges="locale"
196-->src\main\AndroidManifest.xml:191:13-43
197            android:exported="true"
197-->src\main\AndroidManifest.xml:192:13-36
198            android:resizeableActivity="false"
198-->src\main\AndroidManifest.xml:194:13-47
199            android:screenOrientation="portrait"
199-->src\main\AndroidManifest.xml:195:13-49
200            android:theme="@style/AppTheme" >
200-->src\main\AndroidManifest.xml:196:13-44
201
202            <!-- <intent-filter> -->
203            <!-- <action android:name="android.intent.action.MAIN" /> -->
204
205
206            <!-- <category android:name="android.intent.category.LAUNCHER" /> -->
207            <!-- </intent-filter> -->
208            <!-- <intent-filter -->
209            <!-- android:autoVerify="true" -->
210            <!-- tools:targetApi="m"> -->
211            <!-- <action android:name="android.intent.action.VIEW" /> -->
212
213
214            <!-- <category android:name="android.intent.category.DEFAULT" /> -->
215            <!-- <category android:name="android.intent.category.BROWSABLE" /> -->
216
217
218            <!-- <data android:scheme="auroscholar" /> -->
219            <!-- </intent-filter> -->
220            <!-- <intent-filter> -->
221
222
223            <!-- &lt;!&ndash; by google firebase deeplink &ndash;&gt; -->
224            <!-- <action android:name="android.intent.VIEW" /> -->
225
226
227            <!-- <category android:name="amdroid.intent.category.DEFAULT" /> -->
228            <!-- <category android:name="android.intent.category.BROWSABLE" /> -->
229
230
231            <!-- <data -->
232            <!-- android:host="auroscholarapp.page.link" -->
233            <!-- android:scheme="app" /> -->
234
235
236            <!-- &lt;!&ndash; by google for web &ndash;&gt; -->
237            <!-- <action android:name="android.intent.action.VIEW" /> -->
238
239
240            <!-- <category android:name="android.intent.category.DEFAULT" /> -->
241
242
243            <!-- <data android:scheme="auroapp" /> -->
244            <!-- <data -->
245            <!-- android:host="auroscholar.com" -->
246            <!-- android:pathPattern=".*" -->
247            <!-- android:scheme="https" /> -->
248            <!-- <data -->
249            <!-- android:host="auroscholar.page.link" -->
250            <!-- android:pathPattern=".*" -->
251            <!-- android:scheme="app" /> -->
252            <!-- </intent-filter> -->
253        </activity>
254
255        <meta-data
255-->src\main\AndroidManifest.xml:241:9-243:55
256            android:name="com.facebook.sdk.ApplicationId"
256-->src\main\AndroidManifest.xml:242:13-58
257            android:value="@string/facebook_app_id" />
257-->src\main\AndroidManifest.xml:243:13-52
258
259        <activity
259-->src\main\AndroidManifest.xml:245:9-251:52
260            android:name="com.facebook.FacebookActivity"
260-->src\main\AndroidManifest.xml:246:13-57
261            android:configChanges="keyboard|keyboardHidden|screenLayout|screenSize|orientation"
261-->src\main\AndroidManifest.xml:247:13-96
262            android:exported="true"
262-->src\main\AndroidManifest.xml:248:13-36
263            android:label="@string/app_name"
263-->src\main\AndroidManifest.xml:249:13-45
264            android:resizeableActivity="false"
264-->src\main\AndroidManifest.xml:250:13-47
265            android:screenOrientation="portrait" />
265-->src\main\AndroidManifest.xml:251:13-49
266
267        <meta-data
267-->src\main\AndroidManifest.xml:253:9-255:50
268            android:name="com.truecaller.android.sdk.PartnerKey"
268-->src\main\AndroidManifest.xml:254:13-65
269            android:value="@string/partnerKey" />
269-->src\main\AndroidManifest.xml:255:13-47
270        <meta-data
270-->src\main\AndroidManifest.xml:256:9-258:36
271            android:name="firebase_performance_logcat_enabled"
271-->src\main\AndroidManifest.xml:257:13-63
272            android:value="true" />
272-->src\main\AndroidManifest.xml:258:13-33
273
274        <service
274-->src\main\AndroidManifest.xml:260:9-266:19
275            android:name="com.auro.application.util.firebase.FirebaseMessagingService"
275-->src\main\AndroidManifest.xml:261:13-67
276            android:exported="true" >
276-->src\main\AndroidManifest.xml:262:13-36
277            <intent-filter>
277-->src\main\AndroidManifest.xml:263:13-265:29
278                <action android:name="com.google.firebase.MESSAGING_EVENT" />
278-->src\main\AndroidManifest.xml:264:17-78
278-->src\main\AndroidManifest.xml:264:25-75
279            </intent-filter>
280        </service>
281
282        <activity
282-->src\main\AndroidManifest.xml:268:9-272:52
283            android:name="com.auro.application.util.permission.PermissionsActivity"
283-->src\main\AndroidManifest.xml:269:13-64
284            android:exported="true"
284-->src\main\AndroidManifest.xml:270:13-36
285            android:resizeableActivity="false"
285-->src\main\AndroidManifest.xml:271:13-47
286            android:screenOrientation="portrait" />
286-->src\main\AndroidManifest.xml:272:13-49
287        <activity
287-->src\main\AndroidManifest.xml:273:9-269
288            android:name="com.auro.application.home.presentation.view.activity.CameraActivity"
288-->src\main\AndroidManifest.xml:273:19-81
289            android:exported="true"
289-->src\main\AndroidManifest.xml:273:172-195
290            android:label="@string/title_activity_camera"
290-->src\main\AndroidManifest.xml:273:126-171
291            android:resizeableActivity="false"
291-->src\main\AndroidManifest.xml:273:196-230
292            android:screenOrientation="portrait"
292-->src\main\AndroidManifest.xml:273:231-267
293            android:theme="@style/AppTheme.NoActionBar" />
293-->src\main\AndroidManifest.xml:273:82-125
294        <activity
294-->src\main\AndroidManifest.xml:274:9-280:59
295            android:name="com.auro.application.util.cropper.CropImagesActivity"
295-->src\main\AndroidManifest.xml:275:13-60
296            android:configChanges="locale"
296-->src\main\AndroidManifest.xml:276:13-43
297            android:exported="true"
297-->src\main\AndroidManifest.xml:277:13-36
298            android:resizeableActivity="false"
298-->src\main\AndroidManifest.xml:278:13-47
299            android:screenOrientation="portrait"
299-->src\main\AndroidManifest.xml:279:13-49
300            android:theme="@style/Base.Theme.AppCompat" />
300-->src\main\AndroidManifest.xml:280:13-56
301        <activity
301-->src\main\AndroidManifest.xml:281:9-286:52
302            android:name="com.auro.application.RealTimeFaceDetection.CameraxActivity"
302-->src\main\AndroidManifest.xml:282:13-66
303            android:configChanges="locale"
303-->src\main\AndroidManifest.xml:283:13-43
304            android:exported="true"
304-->src\main\AndroidManifest.xml:284:13-36
305            android:resizeableActivity="false"
305-->src\main\AndroidManifest.xml:285:13-47
306            android:screenOrientation="portrait" />
306-->src\main\AndroidManifest.xml:286:13-49
307
308        <meta-data
308-->src\main\AndroidManifest.xml:288:9-290:71
309            android:name="com.google.android.geo.API_KEY"
309-->src\main\AndroidManifest.xml:289:13-58
310            android:value="AIzaSyDjbnwn833et_t7M6D0vVP_LSOMz-IdHPQ" />
310-->src\main\AndroidManifest.xml:290:13-68
311        <meta-data
311-->src\main\AndroidManifest.xml:291:9-293:36
312            android:name="firebase_crashlytics_collection_enabled"
312-->src\main\AndroidManifest.xml:292:13-67
313            android:value="true" />
313-->src\main\AndroidManifest.xml:293:13-33
314
315        <receiver
315-->src\main\AndroidManifest.xml:295:9-301:20
316            android:name="com.auro.application.util.otp_verification.SMSReceiver"
316-->src\main\AndroidManifest.xml:296:13-62
317            android:exported="true" >
317-->src\main\AndroidManifest.xml:297:13-36
318            <intent-filter>
318-->src\main\AndroidManifest.xml:298:13-300:29
319                <action android:name="android.provider.Telephony.SMS_RECEIVED" />
319-->src\main\AndroidManifest.xml:299:17-82
319-->src\main\AndroidManifest.xml:299:25-79
320            </intent-filter>
321        </receiver>
322
323        <activity
323-->src\main\AndroidManifest.xml:303:9-309:47
324            android:name="com.auro.application.home.presentation.view.activity.LoginActivity"
324-->src\main\AndroidManifest.xml:304:13-74
325            android:configChanges="locale"
325-->src\main\AndroidManifest.xml:305:13-43
326            android:exported="true"
326-->src\main\AndroidManifest.xml:306:13-36
327            android:resizeableActivity="false"
327-->src\main\AndroidManifest.xml:307:13-47
328            android:screenOrientation="portrait"
328-->src\main\AndroidManifest.xml:308:13-49
329            android:theme="@style/AppTheme" />
329-->src\main\AndroidManifest.xml:309:13-44
330        <activity
330-->src\main\AndroidManifest.xml:310:9-316:47
331            android:name="com.auro.application.home.presentation.view.activity.OtpActivity"
331-->src\main\AndroidManifest.xml:311:13-72
332            android:configChanges="locale"
332-->src\main\AndroidManifest.xml:312:13-43
333            android:exported="true"
333-->src\main\AndroidManifest.xml:313:13-36
334            android:resizeableActivity="false"
334-->src\main\AndroidManifest.xml:314:13-47
335            android:screenOrientation="portrait"
335-->src\main\AndroidManifest.xml:315:13-49
336            android:theme="@style/AppTheme" />
336-->src\main\AndroidManifest.xml:316:13-44
337        <activity android:name="com.auro.application.home.presentation.view.activity.ChooseGradeActivity" />
337-->src\main\AndroidManifest.xml:317:9-89
337-->src\main\AndroidManifest.xml:317:19-86
338        <activity
338-->src\main\AndroidManifest.xml:318:9-323:52
339            android:name="com.auro.application.home.presentation.view.activity.AppLanguageActivity"
339-->src\main\AndroidManifest.xml:319:13-80
340            android:configChanges="locale"
340-->src\main\AndroidManifest.xml:320:13-43
341            android:exported="true"
341-->src\main\AndroidManifest.xml:321:13-36
342            android:resizeableActivity="false"
342-->src\main\AndroidManifest.xml:322:13-47
343            android:screenOrientation="portrait" />
343-->src\main\AndroidManifest.xml:323:13-49
344        <activity
344-->src\main\AndroidManifest.xml:324:9-330:50
345            android:name="com.auro.application.home.presentation.view.activity.UserProfileActivity"
345-->src\main\AndroidManifest.xml:325:13-80
346            android:configChanges="locale"
346-->src\main\AndroidManifest.xml:326:13-43
347            android:exported="true"
347-->src\main\AndroidManifest.xml:327:13-36
348            android:resizeableActivity="false"
348-->src\main\AndroidManifest.xml:328:13-47
349            android:screenOrientation="portrait"
349-->src\main\AndroidManifest.xml:329:13-49
350            android:theme="@style/AppThemeNew" />
350-->src\main\AndroidManifest.xml:330:13-47
351        <activity
351-->src\main\AndroidManifest.xml:331:9-337:50
352            android:name="com.auro.application.home.presentation.view.activity.ParentProfileActivity"
352-->src\main\AndroidManifest.xml:332:13-82
353            android:configChanges="locale"
353-->src\main\AndroidManifest.xml:333:13-43
354            android:exported="true"
354-->src\main\AndroidManifest.xml:334:13-36
355            android:resizeableActivity="false"
355-->src\main\AndroidManifest.xml:335:13-47
356            android:screenOrientation="portrait"
356-->src\main\AndroidManifest.xml:336:13-49
357            android:theme="@style/AppThemeNew" />
357-->src\main\AndroidManifest.xml:337:13-47
358        <activity
358-->src\main\AndroidManifest.xml:338:9-344:50
359            android:name="com.auro.application.home.presentation.view.activity.ParentForgotPinActivity"
359-->src\main\AndroidManifest.xml:339:13-84
360            android:configChanges="locale"
360-->src\main\AndroidManifest.xml:340:13-43
361            android:exported="true"
361-->src\main\AndroidManifest.xml:341:13-36
362            android:resizeableActivity="false"
362-->src\main\AndroidManifest.xml:342:13-47
363            android:screenOrientation="portrait"
363-->src\main\AndroidManifest.xml:343:13-49
364            android:theme="@style/AppThemeNew" />
364-->src\main\AndroidManifest.xml:344:13-47
365        <activity
365-->src\main\AndroidManifest.xml:345:9-351:50
366            android:name="com.auro.application.home.presentation.view.activity.ChildAccountsActivity"
366-->src\main\AndroidManifest.xml:346:13-82
367            android:configChanges="locale"
367-->src\main\AndroidManifest.xml:347:13-43
368            android:exported="true"
368-->src\main\AndroidManifest.xml:348:13-36
369            android:resizeableActivity="false"
369-->src\main\AndroidManifest.xml:349:13-47
370            android:screenOrientation="portrait"
370-->src\main\AndroidManifest.xml:350:13-49
371            android:theme="@style/AppThemeNew" />
371-->src\main\AndroidManifest.xml:351:13-47
372        <activity
372-->src\main\AndroidManifest.xml:352:9-358:50
373            android:name="com.auro.application.teacher.presentation.view.activity.TeacherProfileActivity"
373-->src\main\AndroidManifest.xml:353:13-86
374            android:configChanges="locale"
374-->src\main\AndroidManifest.xml:354:13-43
375            android:exported="true"
375-->src\main\AndroidManifest.xml:355:13-36
376            android:resizeableActivity="false"
376-->src\main\AndroidManifest.xml:356:13-47
377            android:screenOrientation="portrait"
377-->src\main\AndroidManifest.xml:357:13-49
378            android:theme="@style/AppThemeNew" />
378-->src\main\AndroidManifest.xml:358:13-47
379        <activity
379-->src\main\AndroidManifest.xml:359:9-365:50
380            android:name="com.auro.application.home.presentation.view.activity.ValidateStudentActivity"
380-->src\main\AndroidManifest.xml:360:13-84
381            android:configChanges="locale"
381-->src\main\AndroidManifest.xml:361:13-43
382            android:exported="true"
382-->src\main\AndroidManifest.xml:362:13-36
383            android:resizeableActivity="false"
383-->src\main\AndroidManifest.xml:363:13-47
384            android:screenOrientation="portrait"
384-->src\main\AndroidManifest.xml:364:13-49
385            android:theme="@style/AppThemeNew" />
385-->src\main\AndroidManifest.xml:365:13-47
386        <activity